<?xml version="1.0" encoding="UTF-8"?>
<!-- Generated by org.testng.reporters.JUnitReportReporter -->
<testsuite hostname="RETDAYV-7430173" name="test.NewTest" tests="1" failures="0" timestamp="23 Aug 2017 08:00:48 GMT" time="25.923" errors="0">
  <testcase name="TestCase1" time="25.923" classname="test.NewTest"/>
</testsuite> <!-- test.NewTest -->
